# JRE version: OpenJDK Runtime Environment Temurin-21.0.4+7 (21.0.4+7) (build 21.0.4+7-LTS)
# Java VM: OpenJDK 64-Bit Server VM Temurin-21.0.4+7 (21.0.4+7-LTS, mixed mode, tiered, compressed oops, compressed class ptrs, g1 gc, windows-amd64)
GC Precious Log:
 CardTable entry size: 512
 Card Set container configuration: InlinePtr #cards 5 size 8 Array Of Cards #cards 12 size 40 Howl #buckets 4 coarsen threshold 1843 Howl Bitmap #cards 512 size 80 coarsen threshold 460 Card regions per heap region 1 cards per card region 2048
 CPUs: 4 total, 4 available
 Memory: 4011M
 Large Page Support: Disabled
 NUMA Support: Disabled
 Compressed Oops: Enabled (32-bit)
 Heap Region Size: 1M
 Heap Min Capacity: 8M
 Heap Initial Capacity: 64M
 Heap Max Capacity: 1004M
 Pre-touch: Disabled
 Parallel Workers: 4
 Concurrent Workers: 1
 Concurrent Refinement Workers: 4
 Periodic GC: Disabled
Heap:
 garbage-first heap   total 106496K, used 42521K [0x00000000c1400000, 0x0000000100000000)
  region size 1024K, 14 young (14336K), 1 survivors (1024K)
 Metaspace       used 86997K, committed 87616K, reserved 1179648K
  class space    used 10716K, committed 11008K, reserved 1048576K
GC Heap History (20 events):
Event: 5832.451 GC heap before
{Heap before GC invocations=56 (full 0):
 garbage-first heap   total 144384K, used 116016K [0x00000000c1400000, 0x0000000100000000)
  region size 1024K, 84 young (86016K), 1 survivors (1024K)
 Metaspace       used 86977K, committed 87616K, reserved 1179648K
  class space    used 10715K, committed 11008K, reserved 1048576K
}
Event: 5833.043 GC heap after
{Heap after GC invocations=57 (full 0):
 garbage-first heap   total 144384K, used 31031K [0x00000000c1400000, 0x0000000100000000)
  region size 1024K, 1 young (1024K), 1 survivors (1024K)
 Metaspace       used 86977K, committed 87616K, reserved 1179648K
  class space    used 10715K, committed 11008K, reserved 1048576K
}
Event: 5876.125 GC heap before
{Heap before GC invocations=58 (full 0):
 garbage-first heap   total 106496K, used 47415K [0x00000000c1400000, 0x0000000100000000)
  region size 1024K, 17 young (17408K), 1 survivors (1024K)
 Metaspace       used 86977K, committed 87616K, reserved 1179648K
  class space    used 10715K, committed 11008K, reserved 1048576K
}
Event: 5876.592 GC heap after
{Heap after GC invocations=59 (full 0):
 garbage-first heap   total 106496K, used 31022K [0x00000000c1400000, 0x0000000100000000)
  region size 1024K, 1 young (1024K), 1 survivors (1024K)
 Metaspace       used 86977K, committed 87616K, reserved 1179648K
  class space    used 10715K, committed 11008K, reserved 1048576K
}
Event: 5879.970 GC heap before
{Heap before GC invocations=59 (full 0):
 garbage-first heap   total 106496K, used 35118K [0x00000000c1400000, 0x0000000100000000)
  region size 1024K, 5 young (5120K), 1 survivors (1024K)
 Metaspace       used 86977K, committed 87616K, reserved 1179648K
  class space    used 10715K, committed 11008K, reserved 1048576K
}
Event: 5880.215 GC heap after
{Heap after GC invocations=60 (full 0):
 garbage-first heap   total 106496K, used 30671K [0x00000000c1400000, 0x0000000100000000)
  region size 1024K, 1 young (1024K), 1 survivors (1024K)
 Metaspace       used 86977K, committed 87616K, reserved 1179648K
  class space    used 10715K, committed 11008K, reserved 1048576K
}
Event: 5881.889 GC heap before
{Heap before GC invocations=60 (full 0):
 garbage-first heap   total 106496K, used 34767K [0x00000000c1400000, 0x0000000100000000)
  region size 1024K, 5 young (5120K), 1 survivors (1024K)
 Metaspace       used 86977K, committed 87616K, reserved 1179648K
  class space    used 10715K, committed 11008K, reserved 1048576K
}
Event: 5882.039 GC heap after
{Heap after GC invocations=61 (full 0):
 garbage-first heap   total 106496K, used 30468K [0x00000000c1400000, 0x0000000100000000)
  region size 1024K, 1 young (1024K), 1 survivors (1024K)
 Metaspace       used 86977K, committed 87616K, reserved 1179648K
  class space    used 10715K, committed 11008K, reserved 1048576K
}
Event: 5944.647 GC heap before
{Heap before GC invocations=61 (full 0):
 garbage-first heap   total 106496K, used 91908K [0x00000000c1400000, 0x0000000100000000)
  region size 1024K, 62 young (63488K), 1 survivors (1024K)
 Metaspace       used 86979K, committed 87616K, reserved 1179648K
  class space    used 10715K, committed 11008K, reserved 1048576K
}
Event: 5944.781 GC heap after
{Heap after GC invocations=62 (full 0):
 garbage-first heap   total 106496K, used 30365K [0x00000000c1400000, 0x0000000100000000)
  region size 1024K, 1 young (1024K), 1 survivors (1024K)
 Metaspace       used 86979K, committed 87616K, reserved 1179648K
  class space    used 10715K, committed 11008K, reserved 1048576K
}
Event: 5958.287 GC heap before
{Heap before GC invocations=63 (full 0):
 garbage-first heap   total 106496K, used 35485K [0x00000000c1400000, 0x0000000100000000)
  region size 1024K, 6 young (6144K), 1 survivors (1024K)
 Metaspace       used 86988K, committed 87616K, reserved 1179648K
  class space    used 10716K, committed 11008K, reserved 1048576K
}
Event: 5958.300 GC heap after
{Heap after GC invocations=64 (full 0):
 garbage-first heap   total 106496K, used 30507K [0x00000000c1400000, 0x0000000100000000)
  region size 1024K, 1 young (1024K), 1 survivors (1024K)
 Metaspace       used 86988K, committed 87616K, reserved 1179648K
  class space    used 10716K, committed 11008K, reserved 1048576K
}
Event: 5960.688 GC heap before
{Heap before GC invocations=64 (full 0):
 garbage-first heap   total 106496K, used 35627K [0x00000000c1400000, 0x0000000100000000)
  region size 1024K, 6 young (6144K), 1 survivors (1024K)
 Metaspace       used 86988K, committed 87616K, reserved 1179648K
  class space    used 10716K, committed 11008K, reserved 1048576K
}
Event: 5960.729 GC heap after
{Heap after GC invocations=65 (full 0):
 garbage-first heap   total 106496K, used 30419K [0x00000000c1400000, 0x0000000100000000)
  region size 1024K, 1 young (1024K), 1 survivors (1024K)
 Metaspace       used 86988K, committed 87616K, reserved 1179648K
  class space    used 10716K, committed 11008K, reserved 1048576K
}
Event: 5964.324 GC heap before
{Heap before GC invocations=65 (full 0):
 garbage-first heap   total 106496K, used 34515K [0x00000000c1400000, 0x0000000100000000)
  region size 1024K, 5 young (5120K), 1 survivors (1024K)
 Metaspace       used 86988K, committed 87616K, reserved 1179648K
  class space    used 10716K, committed 11008K, reserved 1048576K
}
Event: 5964.353 GC heap after
{Heap after GC invocations=66 (full 0):
 garbage-first heap   total 172032K, used 30142K [0x00000000c1400000, 0x0000000100000000)
  region size 1024K, 1 young (1024K), 1 survivors (1024K)
 Metaspace       used 86988K, committed 87616K, reserved 1179648K
  class space    used 10716K, committed 11008K, reserved 1048576K
}
Event: 6062.715 GC heap before
{Heap before GC invocations=66 (full 0):
 garbage-first heap   total 172032K, used 130494K [0x00000000c1400000, 0x0000000100000000)
  region size 1024K, 100 young (102400K), 1 survivors (1024K)
 Metaspace       used 86992K, committed 87616K, reserved 1179648K
  class space    used 10716K, committed 11008K, reserved 1048576K
}
Event: 6062.914 GC heap after
{Heap after GC invocations=67 (full 0):
 garbage-first heap   total 172032K, used 30255K [0x00000000c1400000, 0x0000000100000000)
  region size 1024K, 1 young (1024K), 1 survivors (1024K)
 Metaspace       used 86992K, committed 87616K, reserved 1179648K
  class space    used 10716K, committed 11008K, reserved 1048576K
}
Event: 6108.026 GC heap before
{Heap before GC invocations=68 (full 0):
 garbage-first heap   total 106496K, used 92719K [0x00000000c1400000, 0x0000000100000000)
  region size 1024K, 62 young (63488K), 1 survivors (1024K)
 Metaspace       used 86997K, committed 87616K, reserved 1179648K
  class space    used 10716K, committed 11008K, reserved 1048576K
}
Event: 6108.176 GC heap after
{Heap after GC invocations=69 (full 0):
 garbage-first heap   total 106496K, used 30233K [0x00000000c1400000, 0x0000000100000000)
  region size 1024K, 1 young (1024K), 1 survivors (1024K)
 Metaspace       used 86997K, committed 87616K, reserved 1179648K
  class space    used 10716K, committed 11008K, reserved 1048576K
}

